<?xml version="1.0" encoding="UTF-8"?>
<!-- Generated by org.testng.reporters.JUnitReportReporter -->
<testsuite hostname="LAPTOP-94QVD20J" failures="0" tests="1" name="WebdriverManagerUse.CallDriverManager" time="8.455" errors="0" timestamp="2020-08-23T17:42:38 IST" skipped="0">
  <testcase classname="WebdriverManagerUse.CallDriverManager" name="test1" time="8.455"/>
  <system-out/>
</testsuite> <!-- WebdriverManagerUse.CallDriverManager -->
